d:\project\videodll\rtplib-add-bug\rtplib\debug\rtplib.pch
d:\project\videodll\rtplib-add-bug\rtplib\debug\rtplib.pdb
d:\project\videodll\rtplib-add-bug\rtplib\debug\rtplib.idb
d:\project\videodll\rtplib-add-bug\rtplib\debug\stdafx.obj
d:\project\videodll\rtplib-add-bug\rtplib\debug\msjexhnd.obj
d:\project\videodll\rtplib-add-bug\rtplib\debug\rtpsession.obj
d:\project\videodll\rtplib-add-bug\rtplib\debug\test.obj
d:\project\videodll\rtplib-add-bug\rtplib\debug\tdav_codec_ulpfec.obj
d:\project\videodll\rtplib-add-bug\rtplib\debug\tdav_video_jb.obj
d:\project\videodll\rtplib-add-bug\rtplib\debug\ddebug.obj
d:\project\田浩杨项目_0307\rtplib-add-bug\debug\rtplib.lib
d:\project\videodll\rtplib-add-bug\debug\rtplib.lib
d:\project\videodll\rtplib-add-bug\rtplib\debug\rtplib.exe.intermediate.manifest
d:\project\videodll\rtplib-add-bug\rtplib\debug\vc90.idb
d:\project\videodll\rtplib-add-bug\rtplib\debug\vc90.pdb
d:\project\videodll\rtplib-add-bug\debug\rtplib.pdb
d:\project\videodll\rtplib-add-bug\rtplib\debug\rtplib.tlog\cl.command.1.tlog
d:\project\videodll\rtplib-add-bug\rtplib\debug\rtplib.tlog\cl.read.1.tlog
d:\project\videodll\rtplib-add-bug\rtplib\debug\rtplib.tlog\cl.write.1.tlog
d:\project\videodll\rtplib-add-bug\rtplib\debug\rtplib.tlog\lib-link.read.1.tlog
d:\project\videodll\rtplib-add-bug\rtplib\debug\rtplib.tlog\lib-link.write.1.tlog
d:\project\videodll\rtplib-add-bug\rtplib\debug\rtplib.tlog\lib.command.1.tlog
